Determining if the pthread_create exist failed with the following output:
Change Dir: /home/yws/UMV_Project/rotor/build_isolated/plan_env/CMakeFiles/CMakeTmp

Run Build Command:"/usr/bin/make" "cmTC_d70aa/fast"
/usr/bin/make -f CMakeFiles/cmTC_d70aa.dir/build.make CMakeFiles/cmTC_d70aa.dir/build
make[1]: Entering directory '/home/yws/UMV_Project/rotor/build_isolated/plan_env/CMakeFiles/CMakeTmp'
Building C object CMakeFiles/cmTC_d70aa.dir/CheckSymbolExists.c.o
/usr/bin/cc    -o CMakeFiles/cmTC_d70aa.dir/CheckSymbolExists.c.o   -c /home/yws/UMV_Project/rotor/build_isolated/plan_env/CMakeFiles/CMakeTmp/CheckSymbolExists.c
Linking C executable cmTC_d70aa
/usr/bin/cmake -E cmake_link_script CMakeFiles/cmTC_d70aa.dir/link.txt --verbose=1
/usr/bin/cc      -rdynamic CMakeFiles/cmTC_d70aa.dir/CheckSymbolExists.c.o  -o cmTC_d70aa 
CMakeFiles/cmTC_d70aa.dir/CheckSymbolExists.c.o: In function `main':
CheckSymbolExists.c:(.text+0x1b): undefined reference to `pthread_create'
collect2: error: ld returned 1 exit status
CMakeFiles/cmTC_d70aa.dir/build.make:97: recipe for target 'cmTC_d70aa' failed
make[1]: *** [cmTC_d70aa] Error 1
make[1]: Leaving directory '/home/yws/UMV_Project/rotor/build_isolated/plan_env/CMakeFiles/CMakeTmp'
Makefile:126: recipe for target 'cmTC_d70aa/fast' failed
make: *** [cmTC_d70aa/fast] Error 2

File /home/yws/UMV_Project/rotor/build_isolated/plan_env/CMakeFiles/CMakeTmp/CheckSymbolExists.c:
/* */
#include <pthread.h>

int main(int argc, char** argv)
{
  (void)argv;
#ifndef pthread_create
  return ((int*)(&pthread_create))[argc];
#else
  (void)argc;
  return 0;
#endif
}

Determining if the function pthread_create exists in the pthreads failed with the following output:
Change Dir: /home/yws/UMV_Project/rotor/build_isolated/plan_env/CMakeFiles/CMakeTmp

Run Build Command:"/usr/bin/make" "cmTC_91222/fast"
/usr/bin/make -f CMakeFiles/cmTC_91222.dir/build.make CMakeFiles/cmTC_91222.dir/build
make[1]: Entering directory '/home/yws/UMV_Project/rotor/build_isolated/plan_env/CMakeFiles/CMakeTmp'
Building C object CMakeFiles/cmTC_91222.dir/CheckFunctionExists.c.o
/usr/bin/cc   -DCHECK_FUNCTION_EXISTS=pthread_create   -o CMakeFiles/cmTC_91222.dir/CheckFunctionExists.c.o   -c /usr/share/cmake-3.10/Modules/CheckFunctionExists.c
Linking C executable cmTC_91222
/usr/bin/cmake -E cmake_link_script CMakeFiles/cmTC_91222.dir/link.txt --verbose=1
/usr/bin/cc  -DCHECK_FUNCTION_EXISTS=pthread_create    -rdynamic CMakeFiles/cmTC_91222.dir/CheckFunctionExists.c.o  -o cmTC_91222 -lpthreads 
/usr/bin/ld: cannot find -lpthreads
collect2: error: ld returned 1 exit status
CMakeFiles/cmTC_91222.dir/build.make:97: recipe for target 'cmTC_91222' failed
make[1]: *** [cmTC_91222] Error 1
make[1]: Leaving directory '/home/yws/UMV_Project/rotor/build_isolated/plan_env/CMakeFiles/CMakeTmp'
Makefile:126: recipe for target 'cmTC_91222/fast' failed
make: *** [cmTC_91222/fast] Error 2


