Determining if the pthread_create exist failed with the following output:
Change Dir: /home/yws/UMV_Project/rotor/build_isolated/rotors_comm/CMakeFiles/CMakeTmp

Run Build Command:"/usr/bin/make" "cmTC_801dd/fast"
/usr/bin/make -f CMakeFiles/cmTC_801dd.dir/build.make CMakeFiles/cmTC_801dd.dir/build
make[1]: Entering directory '/home/yws/UMV_Project/rotor/build_isolated/rotors_comm/CMakeFiles/CMakeTmp'
Building C object CMakeFiles/cmTC_801dd.dir/CheckSymbolExists.c.o
/usr/bin/cc    -o CMakeFiles/cmTC_801dd.dir/CheckSymbolExists.c.o   -c /home/yws/UMV_Project/rotor/build_isolated/rotors_comm/CMakeFiles/CMakeTmp/CheckSymbolExists.c
Linking C executable cmTC_801dd
/usr/bin/cmake -E cmake_link_script CMakeFiles/cmTC_801dd.dir/link.txt --verbose=1
/usr/bin/cc      -rdynamic CMakeFiles/cmTC_801dd.dir/CheckSymbolExists.c.o  -o cmTC_801dd 
CMakeFiles/cmTC_801dd.dir/CheckSymbolExists.c.o: In function `main':
CheckSymbolExists.c:(.text+0x1b): undefined reference to `pthread_create'
collect2: error: ld returned 1 exit status
CMakeFiles/cmTC_801dd.dir/build.make:97: recipe for target 'cmTC_801dd' failed
make[1]: *** [cmTC_801dd] Error 1
make[1]: Leaving directory '/home/yws/UMV_Project/rotor/build_isolated/rotors_comm/CMakeFiles/CMakeTmp'
Makefile:126: recipe for target 'cmTC_801dd/fast' failed
make: *** [cmTC_801dd/fast] Error 2

File /home/yws/UMV_Project/rotor/build_isolated/rotors_comm/CMakeFiles/CMakeTmp/CheckSymbolExists.c:
/* */
#include <pthread.h>

int main(int argc, char** argv)
{
  (void)argv;
#ifndef pthread_create
  return ((int*)(&pthread_create))[argc];
#else
  (void)argc;
  return 0;
#endif
}

Determining if the function pthread_create exists in the pthreads failed with the following output:
Change Dir: /home/yws/UMV_Project/rotor/build_isolated/rotors_comm/CMakeFiles/CMakeTmp

Run Build Command:"/usr/bin/make" "cmTC_ff8be/fast"
/usr/bin/make -f CMakeFiles/cmTC_ff8be.dir/build.make CMakeFiles/cmTC_ff8be.dir/build
make[1]: Entering directory '/home/yws/UMV_Project/rotor/build_isolated/rotors_comm/CMakeFiles/CMakeTmp'
Building C object CMakeFiles/cmTC_ff8be.dir/CheckFunctionExists.c.o
/usr/bin/cc   -DCHECK_FUNCTION_EXISTS=pthread_create   -o CMakeFiles/cmTC_ff8be.dir/CheckFunctionExists.c.o   -c /usr/share/cmake-3.10/Modules/CheckFunctionExists.c
Linking C executable cmTC_ff8be
/usr/bin/cmake -E cmake_link_script CMakeFiles/cmTC_ff8be.dir/link.txt --verbose=1
/usr/bin/cc  -DCHECK_FUNCTION_EXISTS=pthread_create    -rdynamic CMakeFiles/cmTC_ff8be.dir/CheckFunctionExists.c.o  -o cmTC_ff8be -lpthreads 
/usr/bin/ld: cannot find -lpthreads
collect2: error: ld returned 1 exit status
CMakeFiles/cmTC_ff8be.dir/build.make:97: recipe for target 'cmTC_ff8be' failed
make[1]: *** [cmTC_ff8be] Error 1
make[1]: Leaving directory '/home/yws/UMV_Project/rotor/build_isolated/rotors_comm/CMakeFiles/CMakeTmp'
Makefile:126: recipe for target 'cmTC_ff8be/fast' failed
make: *** [cmTC_ff8be/fast] Error 2


