Determining if the pthread_create exist failed with the following output:
Change Dir: /home/yws/UMV_Project/rotor/build_isolated/mav_comm/CMakeFiles/CMakeTmp

Run Build Command:"/usr/bin/make" "cmTC_136d4/fast"
/usr/bin/make -f CMakeFiles/cmTC_136d4.dir/build.make CMakeFiles/cmTC_136d4.dir/build
make[1]: Entering directory '/home/yws/UMV_Project/rotor/build_isolated/mav_comm/CMakeFiles/CMakeTmp'
Building C object CMakeFiles/cmTC_136d4.dir/CheckSymbolExists.c.o
/usr/bin/cc    -o CMakeFiles/cmTC_136d4.dir/CheckSymbolExists.c.o   -c /home/yws/UMV_Project/rotor/build_isolated/mav_comm/CMakeFiles/CMakeTmp/CheckSymbolExists.c
Linking C executable cmTC_136d4
/usr/bin/cmake -E cmake_link_script CMakeFiles/cmTC_136d4.dir/link.txt --verbose=1
/usr/bin/cc      -rdynamic CMakeFiles/cmTC_136d4.dir/CheckSymbolExists.c.o  -o cmTC_136d4 
CMakeFiles/cmTC_136d4.dir/CheckSymbolExists.c.o: In function `main':
CheckSymbolExists.c:(.text+0x1b): undefined reference to `pthread_create'
collect2: error: ld returned 1 exit status
CMakeFiles/cmTC_136d4.dir/build.make:97: recipe for target 'cmTC_136d4' failed
make[1]: *** [cmTC_136d4] Error 1
make[1]: Leaving directory '/home/yws/UMV_Project/rotor/build_isolated/mav_comm/CMakeFiles/CMakeTmp'
Makefile:126: recipe for target 'cmTC_136d4/fast' failed
make: *** [cmTC_136d4/fast] Error 2

File /home/yws/UMV_Project/rotor/build_isolated/mav_comm/CMakeFiles/CMakeTmp/CheckSymbolExists.c:
/* */
#include <pthread.h>

int main(int argc, char** argv)
{
  (void)argv;
#ifndef pthread_create
  return ((int*)(&pthread_create))[argc];
#else
  (void)argc;
  return 0;
#endif
}

Determining if the function pthread_create exists in the pthreads failed with the following output:
Change Dir: /home/yws/UMV_Project/rotor/build_isolated/mav_comm/CMakeFiles/CMakeTmp

Run Build Command:"/usr/bin/make" "cmTC_c449c/fast"
/usr/bin/make -f CMakeFiles/cmTC_c449c.dir/build.make CMakeFiles/cmTC_c449c.dir/build
make[1]: Entering directory '/home/yws/UMV_Project/rotor/build_isolated/mav_comm/CMakeFiles/CMakeTmp'
Building C object CMakeFiles/cmTC_c449c.dir/CheckFunctionExists.c.o
/usr/bin/cc   -DCHECK_FUNCTION_EXISTS=pthread_create   -o CMakeFiles/cmTC_c449c.dir/CheckFunctionExists.c.o   -c /usr/share/cmake-3.10/Modules/CheckFunctionExists.c
Linking C executable cmTC_c449c
/usr/bin/cmake -E cmake_link_script CMakeFiles/cmTC_c449c.dir/link.txt --verbose=1
/usr/bin/cc  -DCHECK_FUNCTION_EXISTS=pthread_create    -rdynamic CMakeFiles/cmTC_c449c.dir/CheckFunctionExists.c.o  -o cmTC_c449c -lpthreads 
/usr/bin/ld: cannot find -lpthreads
collect2: error: ld returned 1 exit status
CMakeFiles/cmTC_c449c.dir/build.make:97: recipe for target 'cmTC_c449c' failed
make[1]: *** [cmTC_c449c] Error 1
make[1]: Leaving directory '/home/yws/UMV_Project/rotor/build_isolated/mav_comm/CMakeFiles/CMakeTmp'
Makefile:126: recipe for target 'cmTC_c449c/fast' failed
make: *** [cmTC_c449c/fast] Error 2


