Determining if the pthread_create exist failed with the following output:
Change Dir: /home/yws/UMV_Project/rotor/build_isolated/pose_utils/CMakeFiles/CMakeTmp

Run Build Command:"/usr/bin/make" "cmTC_c0d52/fast"
/usr/bin/make -f CMakeFiles/cmTC_c0d52.dir/build.make CMakeFiles/cmTC_c0d52.dir/build
make[1]: Entering directory '/home/yws/UMV_Project/rotor/build_isolated/pose_utils/CMakeFiles/CMakeTmp'
Building C object CMakeFiles/cmTC_c0d52.dir/CheckSymbolExists.c.o
/usr/bin/cc    -o CMakeFiles/cmTC_c0d52.dir/CheckSymbolExists.c.o   -c /home/yws/UMV_Project/rotor/build_isolated/pose_utils/CMakeFiles/CMakeTmp/CheckSymbolExists.c
Linking C executable cmTC_c0d52
/usr/bin/cmake -E cmake_link_script CMakeFiles/cmTC_c0d52.dir/link.txt --verbose=1
/usr/bin/cc      -rdynamic CMakeFiles/cmTC_c0d52.dir/CheckSymbolExists.c.o  -o cmTC_c0d52 
CMakeFiles/cmTC_c0d52.dir/CheckSymbolExists.c.o: In function `main':
CheckSymbolExists.c:(.text+0x1b): undefined reference to `pthread_create'
collect2: error: ld returned 1 exit status
CMakeFiles/cmTC_c0d52.dir/build.make:97: recipe for target 'cmTC_c0d52' failed
make[1]: *** [cmTC_c0d52] Error 1
make[1]: Leaving directory '/home/yws/UMV_Project/rotor/build_isolated/pose_utils/CMakeFiles/CMakeTmp'
Makefile:126: recipe for target 'cmTC_c0d52/fast' failed
make: *** [cmTC_c0d52/fast] Error 2

File /home/yws/UMV_Project/rotor/build_isolated/pose_utils/CMakeFiles/CMakeTmp/CheckSymbolExists.c:
/* */
#include <pthread.h>

int main(int argc, char** argv)
{
  (void)argv;
#ifndef pthread_create
  return ((int*)(&pthread_create))[argc];
#else
  (void)argc;
  return 0;
#endif
}

Determining if the function pthread_create exists in the pthreads failed with the following output:
Change Dir: /home/yws/UMV_Project/rotor/build_isolated/pose_utils/CMakeFiles/CMakeTmp

Run Build Command:"/usr/bin/make" "cmTC_ead1e/fast"
/usr/bin/make -f CMakeFiles/cmTC_ead1e.dir/build.make CMakeFiles/cmTC_ead1e.dir/build
make[1]: Entering directory '/home/yws/UMV_Project/rotor/build_isolated/pose_utils/CMakeFiles/CMakeTmp'
Building C object CMakeFiles/cmTC_ead1e.dir/CheckFunctionExists.c.o
/usr/bin/cc   -DCHECK_FUNCTION_EXISTS=pthread_create   -o CMakeFiles/cmTC_ead1e.dir/CheckFunctionExists.c.o   -c /usr/share/cmake-3.10/Modules/CheckFunctionExists.c
Linking C executable cmTC_ead1e
/usr/bin/cmake -E cmake_link_script CMakeFiles/cmTC_ead1e.dir/link.txt --verbose=1
/usr/bin/cc  -DCHECK_FUNCTION_EXISTS=pthread_create    -rdynamic CMakeFiles/cmTC_ead1e.dir/CheckFunctionExists.c.o  -o cmTC_ead1e -lpthreads 
/usr/bin/ld: cannot find -lpthreads
collect2: error: ld returned 1 exit status
CMakeFiles/cmTC_ead1e.dir/build.make:97: recipe for target 'cmTC_ead1e' failed
make[1]: *** [cmTC_ead1e] Error 1
make[1]: Leaving directory '/home/yws/UMV_Project/rotor/build_isolated/pose_utils/CMakeFiles/CMakeTmp'
Makefile:126: recipe for target 'cmTC_ead1e/fast' failed
make: *** [cmTC_ead1e/fast] Error 2


