Determining if the pthread_create exist failed with the following output:
Change Dir: /home/yws/UMV_Project/rotor/build_isolated/rotors_hil_interface/CMakeFiles/CMakeTmp

Run Build Command:"/usr/bin/make" "cmTC_49fdc/fast"
/usr/bin/make -f CMakeFiles/cmTC_49fdc.dir/build.make CMakeFiles/cmTC_49fdc.dir/build
make[1]: Entering directory '/home/yws/UMV_Project/rotor/build_isolated/rotors_hil_interface/CMakeFiles/CMakeTmp'
Building C object CMakeFiles/cmTC_49fdc.dir/CheckSymbolExists.c.o
/usr/bin/cc    -o CMakeFiles/cmTC_49fdc.dir/CheckSymbolExists.c.o   -c /home/yws/UMV_Project/rotor/build_isolated/rotors_hil_interface/CMakeFiles/CMakeTmp/CheckSymbolExists.c
Linking C executable cmTC_49fdc
/usr/bin/cmake -E cmake_link_script CMakeFiles/cmTC_49fdc.dir/link.txt --verbose=1
/usr/bin/cc      -rdynamic CMakeFiles/cmTC_49fdc.dir/CheckSymbolExists.c.o  -o cmTC_49fdc 
CMakeFiles/cmTC_49fdc.dir/CheckSymbolExists.c.o: In function `main':
CheckSymbolExists.c:(.text+0x1b): undefined reference to `pthread_create'
collect2: error: ld returned 1 exit status
CMakeFiles/cmTC_49fdc.dir/build.make:97: recipe for target 'cmTC_49fdc' failed
make[1]: *** [cmTC_49fdc] Error 1
make[1]: Leaving directory '/home/yws/UMV_Project/rotor/build_isolated/rotors_hil_interface/CMakeFiles/CMakeTmp'
Makefile:126: recipe for target 'cmTC_49fdc/fast' failed
make: *** [cmTC_49fdc/fast] Error 2

File /home/yws/UMV_Project/rotor/build_isolated/rotors_hil_interface/CMakeFiles/CMakeTmp/CheckSymbolExists.c:
/* */
#include <pthread.h>

int main(int argc, char** argv)
{
  (void)argv;
#ifndef pthread_create
  return ((int*)(&pthread_create))[argc];
#else
  (void)argc;
  return 0;
#endif
}

Determining if the function pthread_create exists in the pthreads failed with the following output:
Change Dir: /home/yws/UMV_Project/rotor/build_isolated/rotors_hil_interface/CMakeFiles/CMakeTmp

Run Build Command:"/usr/bin/make" "cmTC_a092e/fast"
/usr/bin/make -f CMakeFiles/cmTC_a092e.dir/build.make CMakeFiles/cmTC_a092e.dir/build
make[1]: Entering directory '/home/yws/UMV_Project/rotor/build_isolated/rotors_hil_interface/CMakeFiles/CMakeTmp'
Building C object CMakeFiles/cmTC_a092e.dir/CheckFunctionExists.c.o
/usr/bin/cc   -DCHECK_FUNCTION_EXISTS=pthread_create   -o CMakeFiles/cmTC_a092e.dir/CheckFunctionExists.c.o   -c /usr/share/cmake-3.10/Modules/CheckFunctionExists.c
Linking C executable cmTC_a092e
/usr/bin/cmake -E cmake_link_script CMakeFiles/cmTC_a092e.dir/link.txt --verbose=1
/usr/bin/cc  -DCHECK_FUNCTION_EXISTS=pthread_create    -rdynamic CMakeFiles/cmTC_a092e.dir/CheckFunctionExists.c.o  -o cmTC_a092e -lpthreads 
/usr/bin/ld: cannot find -lpthreads
collect2: error: ld returned 1 exit status
CMakeFiles/cmTC_a092e.dir/build.make:97: recipe for target 'cmTC_a092e' failed
make[1]: *** [cmTC_a092e] Error 1
make[1]: Leaving directory '/home/yws/UMV_Project/rotor/build_isolated/rotors_hil_interface/CMakeFiles/CMakeTmp'
Makefile:126: recipe for target 'cmTC_a092e/fast' failed
make: *** [cmTC_a092e/fast] Error 2


