Determining if the pthread_create exist failed with the following output:
Change Dir: /home/yws/UMV_Project/rotor/build_isolated/cmake_utils/CMakeFiles/CMakeTmp

Run Build Command:"/usr/bin/make" "cmTC_9484b/fast"
/usr/bin/make -f CMakeFiles/cmTC_9484b.dir/build.make CMakeFiles/cmTC_9484b.dir/build
make[1]: Entering directory '/home/yws/UMV_Project/rotor/build_isolated/cmake_utils/CMakeFiles/CMakeTmp'
Building C object CMakeFiles/cmTC_9484b.dir/CheckSymbolExists.c.o
/usr/bin/cc    -o CMakeFiles/cmTC_9484b.dir/CheckSymbolExists.c.o   -c /home/yws/UMV_Project/rotor/build_isolated/cmake_utils/CMakeFiles/CMakeTmp/CheckSymbolExists.c
Linking C executable cmTC_9484b
/usr/bin/cmake -E cmake_link_script CMakeFiles/cmTC_9484b.dir/link.txt --verbose=1
/usr/bin/cc      -rdynamic CMakeFiles/cmTC_9484b.dir/CheckSymbolExists.c.o  -o cmTC_9484b 
CMakeFiles/cmTC_9484b.dir/CheckSymbolExists.c.o: In function `main':
CheckSymbolExists.c:(.text+0x1b): undefined reference to `pthread_create'
collect2: error: ld returned 1 exit status
CMakeFiles/cmTC_9484b.dir/build.make:97: recipe for target 'cmTC_9484b' failed
make[1]: *** [cmTC_9484b] Error 1
make[1]: Leaving directory '/home/yws/UMV_Project/rotor/build_isolated/cmake_utils/CMakeFiles/CMakeTmp'
Makefile:126: recipe for target 'cmTC_9484b/fast' failed
make: *** [cmTC_9484b/fast] Error 2

File /home/yws/UMV_Project/rotor/build_isolated/cmake_utils/CMakeFiles/CMakeTmp/CheckSymbolExists.c:
/* */
#include <pthread.h>

int main(int argc, char** argv)
{
  (void)argv;
#ifndef pthread_create
  return ((int*)(&pthread_create))[argc];
#else
  (void)argc;
  return 0;
#endif
}

Determining if the function pthread_create exists in the pthreads failed with the following output:
Change Dir: /home/yws/UMV_Project/rotor/build_isolated/cmake_utils/CMakeFiles/CMakeTmp

Run Build Command:"/usr/bin/make" "cmTC_69628/fast"
/usr/bin/make -f CMakeFiles/cmTC_69628.dir/build.make CMakeFiles/cmTC_69628.dir/build
make[1]: Entering directory '/home/yws/UMV_Project/rotor/build_isolated/cmake_utils/CMakeFiles/CMakeTmp'
Building C object CMakeFiles/cmTC_69628.dir/CheckFunctionExists.c.o
/usr/bin/cc   -DCHECK_FUNCTION_EXISTS=pthread_create   -o CMakeFiles/cmTC_69628.dir/CheckFunctionExists.c.o   -c /usr/share/cmake-3.10/Modules/CheckFunctionExists.c
Linking C executable cmTC_69628
/usr/bin/cmake -E cmake_link_script CMakeFiles/cmTC_69628.dir/link.txt --verbose=1
/usr/bin/cc  -DCHECK_FUNCTION_EXISTS=pthread_create    -rdynamic CMakeFiles/cmTC_69628.dir/CheckFunctionExists.c.o  -o cmTC_69628 -lpthreads 
/usr/bin/ld: cannot find -lpthreads
collect2: error: ld returned 1 exit status
CMakeFiles/cmTC_69628.dir/build.make:97: recipe for target 'cmTC_69628' failed
make[1]: *** [cmTC_69628] Error 1
make[1]: Leaving directory '/home/yws/UMV_Project/rotor/build_isolated/cmake_utils/CMakeFiles/CMakeTmp'
Makefile:126: recipe for target 'cmTC_69628/fast' failed
make: *** [cmTC_69628/fast] Error 2


