Determining if the pthread_create exist failed with the following output:
Change Dir: /home/yws/UMV_Project/rotor/build_isolated/grid_path_searcher/CMakeFiles/CMakeTmp

Run Build Command:"/usr/bin/make" "cmTC_7ad0a/fast"
/usr/bin/make -f CMakeFiles/cmTC_7ad0a.dir/build.make CMakeFiles/cmTC_7ad0a.dir/build
make[1]: Entering directory '/home/yws/UMV_Project/rotor/build_isolated/grid_path_searcher/CMakeFiles/CMakeTmp'
Building C object CMakeFiles/cmTC_7ad0a.dir/CheckSymbolExists.c.o
/usr/bin/cc    -o CMakeFiles/cmTC_7ad0a.dir/CheckSymbolExists.c.o   -c /home/yws/UMV_Project/rotor/build_isolated/grid_path_searcher/CMakeFiles/CMakeTmp/CheckSymbolExists.c
Linking C executable cmTC_7ad0a
/usr/bin/cmake -E cmake_link_script CMakeFiles/cmTC_7ad0a.dir/link.txt --verbose=1
/usr/bin/cc      -rdynamic CMakeFiles/cmTC_7ad0a.dir/CheckSymbolExists.c.o  -o cmTC_7ad0a 
CMakeFiles/cmTC_7ad0a.dir/CheckSymbolExists.c.o: In function `main':
CheckSymbolExists.c:(.text+0x1b): undefined reference to `pthread_create'
collect2: error: ld returned 1 exit status
CMakeFiles/cmTC_7ad0a.dir/build.make:97: recipe for target 'cmTC_7ad0a' failed
make[1]: *** [cmTC_7ad0a] Error 1
make[1]: Leaving directory '/home/yws/UMV_Project/rotor/build_isolated/grid_path_searcher/CMakeFiles/CMakeTmp'
Makefile:126: recipe for target 'cmTC_7ad0a/fast' failed
make: *** [cmTC_7ad0a/fast] Error 2

File /home/yws/UMV_Project/rotor/build_isolated/grid_path_searcher/CMakeFiles/CMakeTmp/CheckSymbolExists.c:
/* */
#include <pthread.h>

int main(int argc, char** argv)
{
  (void)argv;
#ifndef pthread_create
  return ((int*)(&pthread_create))[argc];
#else
  (void)argc;
  return 0;
#endif
}

Determining if the function pthread_create exists in the pthreads failed with the following output:
Change Dir: /home/yws/UMV_Project/rotor/build_isolated/grid_path_searcher/CMakeFiles/CMakeTmp

Run Build Command:"/usr/bin/make" "cmTC_667a0/fast"
/usr/bin/make -f CMakeFiles/cmTC_667a0.dir/build.make CMakeFiles/cmTC_667a0.dir/build
make[1]: Entering directory '/home/yws/UMV_Project/rotor/build_isolated/grid_path_searcher/CMakeFiles/CMakeTmp'
Building C object CMakeFiles/cmTC_667a0.dir/CheckFunctionExists.c.o
/usr/bin/cc   -DCHECK_FUNCTION_EXISTS=pthread_create   -o CMakeFiles/cmTC_667a0.dir/CheckFunctionExists.c.o   -c /usr/share/cmake-3.10/Modules/CheckFunctionExists.c
Linking C executable cmTC_667a0
/usr/bin/cmake -E cmake_link_script CMakeFiles/cmTC_667a0.dir/link.txt --verbose=1
/usr/bin/cc  -DCHECK_FUNCTION_EXISTS=pthread_create    -rdynamic CMakeFiles/cmTC_667a0.dir/CheckFunctionExists.c.o  -o cmTC_667a0 -lpthreads 
/usr/bin/ld: cannot find -lpthreads
collect2: error: ld returned 1 exit status
CMakeFiles/cmTC_667a0.dir/build.make:97: recipe for target 'cmTC_667a0' failed
make[1]: *** [cmTC_667a0] Error 1
make[1]: Leaving directory '/home/yws/UMV_Project/rotor/build_isolated/grid_path_searcher/CMakeFiles/CMakeTmp'
Makefile:126: recipe for target 'cmTC_667a0/fast' failed
make: *** [cmTC_667a0/fast] Error 2


