Determining if the pthread_create exist failed with the following output:
Change Dir: /home/yws/UMV_Project/rotor/build_isolated/apriltag_ros/CMakeFiles/CMakeTmp

Run Build Command:"/usr/bin/make" "cmTC_cdc3e/fast"
/usr/bin/make -f CMakeFiles/cmTC_cdc3e.dir/build.make CMakeFiles/cmTC_cdc3e.dir/build
make[1]: Entering directory '/home/yws/UMV_Project/rotor/build_isolated/apriltag_ros/CMakeFiles/CMakeTmp'
Building C object CMakeFiles/cmTC_cdc3e.dir/CheckSymbolExists.c.o
/usr/bin/cc    -o CMakeFiles/cmTC_cdc3e.dir/CheckSymbolExists.c.o   -c /home/yws/UMV_Project/rotor/build_isolated/apriltag_ros/CMakeFiles/CMakeTmp/CheckSymbolExists.c
Linking C executable cmTC_cdc3e
/usr/bin/cmake -E cmake_link_script CMakeFiles/cmTC_cdc3e.dir/link.txt --verbose=1
/usr/bin/cc      -rdynamic CMakeFiles/cmTC_cdc3e.dir/CheckSymbolExists.c.o  -o cmTC_cdc3e 
CMakeFiles/cmTC_cdc3e.dir/CheckSymbolExists.c.o: In function `main':
CheckSymbolExists.c:(.text+0x1b): undefined reference to `pthread_create'
collect2: error: ld returned 1 exit status
CMakeFiles/cmTC_cdc3e.dir/build.make:97: recipe for target 'cmTC_cdc3e' failed
make[1]: *** [cmTC_cdc3e] Error 1
make[1]: Leaving directory '/home/yws/UMV_Project/rotor/build_isolated/apriltag_ros/CMakeFiles/CMakeTmp'
Makefile:126: recipe for target 'cmTC_cdc3e/fast' failed
make: *** [cmTC_cdc3e/fast] Error 2

File /home/yws/UMV_Project/rotor/build_isolated/apriltag_ros/CMakeFiles/CMakeTmp/CheckSymbolExists.c:
/* */
#include <pthread.h>

int main(int argc, char** argv)
{
  (void)argv;
#ifndef pthread_create
  return ((int*)(&pthread_create))[argc];
#else
  (void)argc;
  return 0;
#endif
}

Determining if the function pthread_create exists in the pthreads failed with the following output:
Change Dir: /home/yws/UMV_Project/rotor/build_isolated/apriltag_ros/CMakeFiles/CMakeTmp

Run Build Command:"/usr/bin/make" "cmTC_55bbd/fast"
/usr/bin/make -f CMakeFiles/cmTC_55bbd.dir/build.make CMakeFiles/cmTC_55bbd.dir/build
make[1]: Entering directory '/home/yws/UMV_Project/rotor/build_isolated/apriltag_ros/CMakeFiles/CMakeTmp'
Building C object CMakeFiles/cmTC_55bbd.dir/CheckFunctionExists.c.o
/usr/bin/cc   -DCHECK_FUNCTION_EXISTS=pthread_create   -o CMakeFiles/cmTC_55bbd.dir/CheckFunctionExists.c.o   -c /usr/share/cmake-3.10/Modules/CheckFunctionExists.c
Linking C executable cmTC_55bbd
/usr/bin/cmake -E cmake_link_script CMakeFiles/cmTC_55bbd.dir/link.txt --verbose=1
/usr/bin/cc  -DCHECK_FUNCTION_EXISTS=pthread_create    -rdynamic CMakeFiles/cmTC_55bbd.dir/CheckFunctionExists.c.o  -o cmTC_55bbd -lpthreads 
/usr/bin/ld: cannot find -lpthreads
collect2: error: ld returned 1 exit status
CMakeFiles/cmTC_55bbd.dir/build.make:97: recipe for target 'cmTC_55bbd' failed
make[1]: *** [cmTC_55bbd] Error 1
make[1]: Leaving directory '/home/yws/UMV_Project/rotor/build_isolated/apriltag_ros/CMakeFiles/CMakeTmp'
Makefile:126: recipe for target 'cmTC_55bbd/fast' failed
make: *** [cmTC_55bbd/fast] Error 2


